{"/tmp/ashe_share/2026-02-15_SOLFACIL_VPP_Demo/backend/lib/bff-stack.ts": {"path":"/tmp/ashe_share/2026-02-15_SOLFACIL_VPP_Demo/backend/lib/bff-stack.ts","statementMap":{"0":{"start":{"line":1,"column":0},"end":{"line":1,"column":35}},"1":{"start":{"line":2,"column":0},"end":{"line":2,"column":59}},"2":{"start":{"line":3,"column":0},"end":{"line":3,"column":74}},"3":{"start":{"line":4,"column":0},"end":{"line":4,"column":49}},"4":{"start":{"line":5,"column":0},"end":{"line":5,"column":56}},"5":{"start":{"line":8,"column":0},"end":{"line":8,"column":29}},"6":{"start":{"line":9,"column":0},"end":{"line":9,"column":62}},"7":{"start":{"line":28,"column":4},"end":{"line":28,"column":28}},"8":{"start":{"line":30,"column":22},"end":{"line":30,"column":27}},"9":{"start":{"line":33,"column":20},"end":{"line":44,"column":6}},"10":{"start":{"line":47,"column":24},"end":{"line":47,"column":76}},"11":{"start":{"line":49,"column":25},"end":{"line":53,"column":null}},"12":{"start":{"line":55,"column":22},"end":{"line":59,"column":null}},"13":{"start":{"line":61,"column":22},"end":{"line":65,"column":null}},"14":{"start":{"line":67,"column":28},"end":{"line":71,"column":null}},"15":{"start":{"line":75,"column":4},"end":{"line":75,"column":62}},"16":{"start":{"line":76,"column":4},"end":{"line":76,"column":56}},"17":{"start":{"line":77,"column":4},"end":{"line":77,"column":56}},"18":{"start":{"line":78,"column":4},"end":{"line":78,"column":69}},"19":{"start":{"line":81,"column":4},"end":{"line":84,"column":7}},"20":{"start":{"line":94,"column":35},"end":{"line":94,"column":51}},"21":{"start":{"line":95,"column":4},"end":{"line":109,"column":7}},"22":{"start":{"line":120,"column":6},"end":{"line":122,"column":35}},"23":{"start":{"line":124,"column":4},"end":{"line":131,"column":7}},"24":{"start":{"line":23,"column":0},"end":{"line":23,"column":13}}},"fnMap":{"0":{"name":"(anonymous_9)","decl":{"start":{"line":27,"column":2},"end":{"line":27,"column":14}},"loc":{"start":{"line":27,"column":64},"end":{"line":85,"column":3}}},"1":{"name":"(anonymous_10)","decl":{"start":{"line":88,"column":10},"end":{"line":88,"column":23}},"loc":{"start":{"line":92,"column":16},"end":{"line":110,"column":3}}},"2":{"name":"(anonymous_11)","decl":{"start":{"line":113,"column":10},"end":{"line":113,"column":18}},"loc":{"start":{"line":117,"column":34},"end":{"line":132,"column":3}}}},"branchMap":{"0":{"loc":{"start":{"line":120,"column":6},"end":{"line":122,"column":35}},"type":"cond-expr","locations":[{"start":{"line":121,"column":10},"end":{"line":121,"column":36}},{"start":{"line":122,"column":10},"end":{"line":122,"column":35}}]}},"s":{"0":1,"1":1,"2":1,"3":1,"4":1,"5":1,"6":1,"7":1,"8":1,"9":1,"10":1,"11":1,"12":1,"13":1,"14":1,"15":1,"16":1,"17":1,"18":1,"19":1,"20":4,"21":4,"22":4,"23":4,"24":1},"f":{"0":1,"1":4,"2":4},"b":{"0":[0,4]}}
,"/tmp/ashe_share/2026-02-15_SOLFACIL_VPP_Demo/backend/lib/market-billing-stack.ts": {"path":"/tmp/ashe_share/2026-02-15_SOLFACIL_VPP_Demo/backend/lib/market-billing-stack.ts","statementMap":{"0":{"start":{"line":1,"column":0},"end":{"line":1,"column":35}},"1":{"start":{"line":2,"column":0},"end":{"line":2,"column":49}},"2":{"start":{"line":3,"column":0},"end":{"line":3,"column":56}},"3":{"start":{"line":6,"column":0},"end":{"line":6,"column":29}},"4":{"start":{"line":25,"column":4},"end":{"line":25,"column":28}},"5":{"start":{"line":27,"column":22},"end":{"line":27,"column":27}},"6":{"start":{"line":28,"column":24},"end":{"line":33,"column":null}},"7":{"start":{"line":37,"column":4},"end":{"line":42,"column":6}},"8":{"start":{"line":43,"column":4},"end":{"line":48,"column":6}},"9":{"start":{"line":62,"column":35},"end":{"line":62,"column":51}},"10":{"start":{"line":63,"column":4},"end":{"line":77,"column":7}},"11":{"start":{"line":23,"column":0},"end":{"line":23,"column":13}}},"fnMap":{"0":{"name":"(anonymous_9)","decl":{"start":{"line":24,"column":2},"end":{"line":24,"column":14}},"loc":{"start":{"line":24,"column":74},"end":{"line":53,"column":3}}},"1":{"name":"(anonymous_10)","decl":{"start":{"line":56,"column":10},"end":{"line":56,"column":23}},"loc":{"start":{"line":60,"column":16},"end":{"line":78,"column":3}}}},"branchMap":{},"s":{"0":1,"1":1,"2":1,"3":1,"4":1,"5":1,"6":1,"7":1,"8":1,"9":2,"10":2,"11":1},"f":{"0":1,"1":2},"b":{}}
,"/tmp/ashe_share/2026-02-15_SOLFACIL_VPP_Demo/backend/lib/shared/constants.ts": {"path":"/tmp/ashe_share/2026-02-15_SOLFACIL_VPP_Demo/backend/lib/shared/constants.ts","statementMap":{"0":{"start":{"line":20,"column":0},"end":{"line":20,"column":16}},"1":{"start":{"line":6,"column":13},"end":{"line":6,"column":44}},"2":{"start":{"line":8,"column":13},"end":{"line":12,"column":11}},"3":{"start":{"line":17,"column":13},"end":{"line":17,"column":46}},"4":{"start":{"line":21,"column":2},"end":{"line":21,"column":46}}},"fnMap":{"0":{"name":"resourceName","decl":{"start":{"line":20,"column":16},"end":{"line":20,"column":28}},"loc":{"start":{"line":20,"column":55},"end":{"line":22,"column":1}}}},"branchMap":{},"s":{"0":1,"1":1,"2":1,"3":1,"4":5},"f":{"0":5},"b":{}}
,"/tmp/ashe_share/2026-02-15_SOLFACIL_VPP_Demo/backend/lib/shared/event-bus.ts": {"path":"/tmp/ashe_share/2026-02-15_SOLFACIL_VPP_Demo/backend/lib/shared/event-bus.ts","statementMap":{"0":{"start":{"line":1,"column":0},"end":{"line":1,"column":35}},"1":{"start":{"line":2,"column":0},"end":{"line":2,"column":49}},"2":{"start":{"line":3,"column":0},"end":{"line":3,"column":39}},"3":{"start":{"line":4,"column":0},"end":{"line":4,"column":55}},"4":{"start":{"line":14,"column":4},"end":{"line":14,"column":21}},"5":{"start":{"line":16,"column":4},"end":{"line":18,"column":7}},"6":{"start":{"line":21,"column":4},"end":{"line":26,"column":7}},"7":{"start":{"line":10,"column":0},"end":{"line":10,"column":13}}},"fnMap":{"0":{"name":"(anonymous_9)","decl":{"start":{"line":13,"column":2},"end":{"line":13,"column":14}},"loc":{"start":{"line":13,"column":56},"end":{"line":27,"column":3}}}},"branchMap":{},"s":{"0":1,"1":1,"2":1,"3":1,"4":2,"5":2,"6":2,"7":1},"f":{"0":2},"b":{}}
,"/tmp/ashe_share/2026-02-15_SOLFACIL_VPP_Demo/backend/src/bff/handlers/get-assets.ts": {"path":"/tmp/ashe_share/2026-02-15_SOLFACIL_VPP_Demo/backend/src/bff/handlers/get-assets.ts","statementMap":{"0":{"start":{"line":11,"column":0},"end":{"line":11,"column":7}},"1":{"start":{"line":2,"column":0},"end":{"line":2,"column":44}},"2":{"start":{"line":3,"column":0},"end":{"line":3,"column":47}},"3":{"start":{"line":4,"column":0},"end":{"line":4,"column":91}},"4":{"start":{"line":15,"column":2},"end":{"line":21,"column":3}},"5":{"start":{"line":16,"column":4},"end":{"line":16,"column":38}},"6":{"start":{"line":17,"column":4},"end":{"line":17,"column":98}},"7":{"start":{"line":19,"column":14},"end":{"line":19,"column":62}},"8":{"start":{"line":20,"column":4},"end":{"line":20,"column":63}},"9":{"start":{"line":23,"column":21},"end":{"line":96,"column":4}},"10":{"start":{"line":99,"column":17},"end":{"line":101,"column":51}},"11":{"start":{"line":101,"column":29},"end":{"line":101,"column":50}},"12":{"start":{"line":103,"column":15},"end":{"line":103,"column":76}},"13":{"start":{"line":105,"column":2},"end":{"line":109,"column":4}}},"fnMap":{"0":{"name":"handler","decl":{"start":{"line":11,"column":22},"end":{"line":11,"column":29}},"loc":{"start":{"line":12,"column":31},"end":{"line":110,"column":1}}},"1":{"name":"(anonymous_1)","decl":{"start":{"line":101,"column":24},"end":{"line":101,"column":25}},"loc":{"start":{"line":101,"column":29},"end":{"line":101,"column":50}}}},"branchMap":{"0":{"loc":{"start":{"line":20,"column":20},"end":{"line":20,"column":39}},"type":"binary-expr","locations":[{"start":{"line":20,"column":20},"end":{"line":20,"column":32}},{"start":{"line":20,"column":36},"end":{"line":20,"column":39}}]},"1":{"loc":{"start":{"line":20,"column":41},"end":{"line":20,"column":61}},"type":"binary-expr","locations":[{"start":{"line":20,"column":41},"end":{"line":20,"column":50}},{"start":{"line":20,"column":54},"end":{"line":20,"column":61}}]},"2":{"loc":{"start":{"line":99,"column":17},"end":{"line":101,"column":51}},"type":"cond-expr","locations":[{"start":{"line":100,"column":6},"end":{"line":100,"column":16}},{"start":{"line":101,"column":6},"end":{"line":101,"column":51}}]}},"s":{"0":1,"1":1,"2":1,"3":1,"4":5,"5":5,"6":3,"7":2,"8":2,"9":3,"10":3,"11":8,"12":3,"13":3},"f":{"0":5,"1":8},"b":{"0":[2,0],"1":[2,0],"2":[1,2]}}
,"/tmp/ashe_share/2026-02-15_SOLFACIL_VPP_Demo/backend/src/bff/middleware/tenant-context.ts": {"path":"/tmp/ashe_share/2026-02-15_SOLFACIL_VPP_Demo/backend/src/bff/middleware/tenant-context.ts","statementMap":{"0":{"start":{"line":17,"column":0},"end":{"line":17,"column":16}},"1":{"start":{"line":57,"column":0},"end":{"line":57,"column":16}},"2":{"start":{"line":65,"column":0},"end":{"line":65,"column":16}},"3":{"start":{"line":2,"column":0},"end":{"line":2,"column":67}},"4":{"start":{"line":3,"column":0},"end":{"line":3,"column":46}},"5":{"start":{"line":5,"column":20},"end":{"line":5,"column":56}},"6":{"start":{"line":18,"column":16},"end":{"line":18,"column":90}},"7":{"start":{"line":20,"column":2},"end":{"line":22,"column":3}},"8":{"start":{"line":21,"column":4},"end":{"line":21,"column":55}},"9":{"start":{"line":26,"column":2},"end":{"line":41,"column":3}},"10":{"start":{"line":27,"column":4},"end":{"line":38,"column":5}},"11":{"start":{"line":29,"column":6},"end":{"line":29,"column":33}},"12":{"start":{"line":32,"column":20},"end":{"line":32,"column":63}},"13":{"start":{"line":33,"column":6},"end":{"line":35,"column":7}},"14":{"start":{"line":34,"column":8},"end":{"line":34,"column":43}},"15":{"start":{"line":36,"column":22},"end":{"line":36,"column":71}},"16":{"start":{"line":37,"column":6},"end":{"line":37,"column":35}},"17":{"start":{"line":40,"column":4},"end":{"line":40,"column":56}},"18":{"start":{"line":43,"column":34},"end":{"line":43,"column":94}},"19":{"start":{"line":45,"column":2},"end":{"line":47,"column":3}},"20":{"start":{"line":46,"column":4},"end":{"line":46,"column":56}},"21":{"start":{"line":49,"column":2},"end":{"line":49,"column":47}},"22":{"start":{"line":58,"column":2},"end":{"line":58,"column":47}},"23":{"start":{"line":58,"column":40},"end":{"line":58,"column":47}},"24":{"start":{"line":59,"column":2},"end":{"line":61,"column":3}},"25":{"start":{"line":60,"column":4},"end":{"line":60,"column":52}},"26":{"start":{"line":66,"column":2},"end":{"line":70,"column":4}}},"fnMap":{"0":{"name":"extractTenantContext","decl":{"start":{"line":17,"column":16},"end":{"line":17,"column":36}},"loc":{"start":{"line":17,"column":66},"end":{"line":50,"column":1}}},"1":{"name":"requireRole","decl":{"start":{"line":57,"column":16},"end":{"line":57,"column":27}},"loc":{"start":{"line":57,"column":68},"end":{"line":62,"column":1}}},"2":{"name":"apiError","decl":{"start":{"line":65,"column":16},"end":{"line":65,"column":24}},"loc":{"start":{"line":65,"column":60},"end":{"line":71,"column":1}}}},"branchMap":{"0":{"loc":{"start":{"line":18,"column":16},"end":{"line":18,"column":90}},"type":"binary-expr","locations":[{"start":{"line":18,"column":16},"end":{"line":18,"column":48}},{"start":{"line":18,"column":52},"end":{"line":18,"column":84}},{"start":{"line":18,"column":88},"end":{"line":18,"column":90}}]},"1":{"loc":{"start":{"line":20,"column":2},"end":{"line":22,"column":3}},"type":"if","locations":[{"start":{"line":20,"column":2},"end":{"line":22,"column":3}}]},"2":{"loc":{"start":{"line":27,"column":4},"end":{"line":38,"column":5}},"type":"if","locations":[{"start":{"line":27,"column":4},"end":{"line":38,"column":5}},{"start":{"line":30,"column":11},"end":{"line":38,"column":5}}]},"3":{"loc":{"start":{"line":33,"column":6},"end":{"line":35,"column":7}},"type":"if","locations":[{"start":{"line":33,"column":6},"end":{"line":35,"column":7}}]},"4":{"loc":{"start":{"line":45,"column":2},"end":{"line":47,"column":3}},"type":"if","locations":[{"start":{"line":45,"column":2},"end":{"line":47,"column":3}}]},"5":{"loc":{"start":{"line":45,"column":6},"end":{"line":45,"column":58}},"type":"binary-expr","locations":[{"start":{"line":45,"column":6},"end":{"line":45,"column":13}},{"start":{"line":45,"column":17},"end":{"line":45,"column":23}},{"start":{"line":45,"column":27},"end":{"line":45,"column":32}},{"start":{"line":45,"column":36},"end":{"line":45,"column":58}}]},"6":{"loc":{"start":{"line":58,"column":2},"end":{"line":58,"column":47}},"type":"if","locations":[{"start":{"line":58,"column":2},"end":{"line":58,"column":47}}]},"7":{"loc":{"start":{"line":59,"column":2},"end":{"line":61,"column":3}},"type":"if","locations":[{"start":{"line":59,"column":2},"end":{"line":61,"column":3}}]}},"s":{"0":2,"1":2,"2":2,"3":2,"4":2,"5":2,"6":13,"7":13,"8":4,"9":9,"10":9,"11":7,"12":2,"13":2,"14":0,"15":2,"16":2,"17":1,"18":8,"19":8,"20":2,"21":6,"22":6,"23":2,"24":4,"25":1,"26":2},"f":{"0":13,"1":6,"2":2},"b":{"0":[13,2,2],"1":[4],"2":[7,2],"3":[0],"4":[2],"5":[8,8,7,7],"6":[2],"7":[1]}}
,"/tmp/ashe_share/2026-02-15_SOLFACIL_VPP_Demo/backend/src/dr-dispatcher/handlers/collect-response.ts": {"path":"/tmp/ashe_share/2026-02-15_SOLFACIL_VPP_Demo/backend/src/dr-dispatcher/handlers/collect-response.ts","statementMap":{"0":{"start":{"line":50,"column":0},"end":{"line":50,"column":7}},"1":{"start":{"line":11,"column":0},"end":{"line":11,"column":58}},"2":{"start":{"line":12,"column":0},"end":{"line":12,"column":78}},"3":{"start":{"line":13,"column":0},"end":{"line":13,"column":null}},"4":{"start":{"line":36,"column":19},"end":{"line":36,"column":47}},"5":{"start":{"line":37,"column":23},"end":{"line":37,"column":55}},"6":{"start":{"line":43,"column":15},"end":{"line":43,"column":66}},"7":{"start":{"line":44,"column":20},"end":{"line":44,"column":45}},"8":{"start":{"line":51,"column":60},"end":{"line":51,"column":65}},"9":{"start":{"line":52,"column":14},"end":{"line":52,"column":38}},"10":{"start":{"line":54,"column":2},"end":{"line":60,"column":5}},"11":{"start":{"line":63,"column":2},"end":{"line":98,"column":3}},"12":{"start":{"line":64,"column":4},"end":{"line":77,"column":6}},"13":{"start":{"line":78,"column":4},"end":{"line":81,"column":7}},"14":{"start":{"line":85,"column":18},"end":{"line":85,"column":42}},"15":{"start":{"line":86,"column":4},"end":{"line":92,"column":5}},"16":{"start":{"line":87,"column":6},"end":{"line":90,"column":9}},"17":{"start":{"line":91,"column":6},"end":{"line":91,"column":13}},"18":{"start":{"line":93,"column":4},"end":{"line":96,"column":7}},"19":{"start":{"line":97,"column":4},"end":{"line":97,"column":14}},"20":{"start":{"line":101,"column":2},"end":{"line":129,"column":3}},"21":{"start":{"line":102,"column":4},"end":{"line":118,"column":6}},"22":{"start":{"line":119,"column":4},"end":{"line":122,"column":7}},"23":{"start":{"line":124,"column":4},"end":{"line":127,"column":7}},"24":{"start":{"line":128,"column":4},"end":{"line":128,"column":14}},"25":{"start":{"line":131,"column":2},"end":{"line":135,"column":5}}},"fnMap":{"0":{"name":"handler","decl":{"start":{"line":50,"column":22},"end":{"line":50,"column":29}},"loc":{"start":{"line":50,"column":56},"end":{"line":136,"column":1}}}},"branchMap":{"0":{"loc":{"start":{"line":36,"column":19},"end":{"line":36,"column":47}},"type":"binary-expr","locations":[{"start":{"line":36,"column":19},"end":{"line":36,"column":41}},{"start":{"line":36,"column":45},"end":{"line":36,"column":47}}]},"1":{"loc":{"start":{"line":37,"column":23},"end":{"line":37,"column":55}},"type":"binary-expr","locations":[{"start":{"line":37,"column":23},"end":{"line":37,"column":49}},{"start":{"line":37,"column":53},"end":{"line":37,"column":55}}]},"2":{"loc":{"start":{"line":59,"column":8},"end":{"line":59,"column":38}},"type":"cond-expr","locations":[{"start":{"line":59,"column":20},"end":{"line":59,"column":33}},{"start":{"line":59,"column":36},"end":{"line":59,"column":38}}]},"3":{"loc":{"start":{"line":86,"column":4},"end":{"line":92,"column":5}},"type":"if","locations":[{"start":{"line":86,"column":4},"end":{"line":92,"column":5}}]}},"s":{"0":1,"1":1,"2":1,"3":1,"4":1,"5":1,"6":1,"7":1,"8":5,"9":5,"10":5,"11":5,"12":5,"13":3,"14":2,"15":2,"16":1,"17":1,"18":1,"19":1,"20":3,"21":3,"22":2,"23":1,"24":1,"25":2},"f":{"0":5},"b":{"0":[1,0],"1":[1,0],"2":[1,4],"3":[1]}}
,"/tmp/ashe_share/2026-02-15_SOLFACIL_VPP_Demo/backend/src/dr-dispatcher/handlers/dispatch-command.ts": {"path":"/tmp/ashe_share/2026-02-15_SOLFACIL_VPP_Demo/backend/src/dr-dispatcher/handlers/dispatch-command.ts","statementMap":{"0":{"start":{"line":55,"column":0},"end":{"line":55,"column":7}},"1":{"start":{"line":10,"column":0},"end":{"line":10,"column":58}},"2":{"start":{"line":11,"column":0},"end":{"line":11,"column":90}},"3":{"start":{"line":12,"column":0},"end":{"line":12,"column":84}},"4":{"start":{"line":13,"column":0},"end":{"line":13,"column":68}},"5":{"start":{"line":35,"column":19},"end":{"line":35,"column":47}},"6":{"start":{"line":36,"column":18},"end":{"line":36,"column":45}},"7":{"start":{"line":37,"column":21},"end":{"line":37,"column":51}},"8":{"start":{"line":43,"column":15},"end":{"line":43,"column":66}},"9":{"start":{"line":45,"column":12},"end":{"line":47,"column":2}},"10":{"start":{"line":49,"column":12},"end":{"line":49,"column":29}},"11":{"start":{"line":56,"column":53},"end":{"line":56,"column":65}},"12":{"start":{"line":57,"column":14},"end":{"line":57,"column":38}},"13":{"start":{"line":59,"column":2},"end":{"line":64,"column":5}},"14":{"start":{"line":67,"column":2},"end":{"line":89,"column":3}},"15":{"start":{"line":68,"column":4},"end":{"line":81,"column":6}},"16":{"start":{"line":82,"column":4},"end":{"line":82,"column":79}},"17":{"start":{"line":84,"column":4},"end":{"line":87,"column":7}},"18":{"start":{"line":88,"column":4},"end":{"line":88,"column":14}},"19":{"start":{"line":92,"column":2},"end":{"line":116,"column":3}},"20":{"start":{"line":93,"column":18},"end":{"line":93,"column":61}},"21":{"start":{"line":94,"column":20},"end":{"line":94,"column":62}},"22":{"start":{"line":96,"column":4},"end":{"line":102,"column":6}},"23":{"start":{"line":103,"column":4},"end":{"line":106,"column":7}},"24":{"start":{"line":108,"column":4},"end":{"line":111,"column":7}},"25":{"start":{"line":114,"column":4},"end":{"line":114,"column":42}},"26":{"start":{"line":115,"column":4},"end":{"line":115,"column":14}},"27":{"start":{"line":119,"column":2},"end":{"line":133,"column":3}},"28":{"start":{"line":120,"column":4},"end":{"line":125,"column":6}},"29":{"start":{"line":126,"column":4},"end":{"line":126,"column":80}},"30":{"start":{"line":128,"column":4},"end":{"line":131,"column":7}},"31":{"start":{"line":132,"column":4},"end":{"line":132,"column":14}},"32":{"start":{"line":135,"column":2},"end":{"line":135,"column":73}},"33":{"start":{"line":143,"column":2},"end":{"line":162,"column":3}},"34":{"start":{"line":144,"column":4},"end":{"line":155,"column":6}},"35":{"start":{"line":156,"column":4},"end":{"line":156,"column":85}},"36":{"start":{"line":158,"column":4},"end":{"line":161,"column":7}}},"fnMap":{"0":{"name":"handler","decl":{"start":{"line":55,"column":22},"end":{"line":55,"column":29}},"loc":{"start":{"line":55,"column":51},"end":{"line":136,"column":1}}},"1":{"name":"markFailed","decl":{"start":{"line":142,"column":15},"end":{"line":142,"column":25}},"loc":{"start":{"line":142,"column":61},"end":{"line":163,"column":1}}}},"branchMap":{"0":{"loc":{"start":{"line":35,"column":19},"end":{"line":35,"column":47}},"type":"binary-expr","locations":[{"start":{"line":35,"column":19},"end":{"line":35,"column":41}},{"start":{"line":35,"column":45},"end":{"line":35,"column":47}}]},"1":{"loc":{"start":{"line":36,"column":18},"end":{"line":36,"column":45}},"type":"binary-expr","locations":[{"start":{"line":36,"column":18},"end":{"line":36,"column":39}},{"start":{"line":36,"column":43},"end":{"line":36,"column":45}}]},"2":{"loc":{"start":{"line":37,"column":21},"end":{"line":37,"column":51}},"type":"binary-expr","locations":[{"start":{"line":37,"column":21},"end":{"line":37,"column":45}},{"start":{"line":37,"column":49},"end":{"line":37,"column":51}}]},"3":{"loc":{"start":{"line":46,"column":12},"end":{"line":46,"column":64}},"type":"cond-expr","locations":[{"start":{"line":46,"column":27},"end":{"line":46,"column":52}},{"start":{"line":46,"column":55},"end":{"line":46,"column":64}}]}},"s":{"0":1,"1":1,"2":1,"3":1,"4":1,"5":1,"6":1,"7":1,"8":1,"9":1,"10":1,"11":4,"12":4,"13":4,"14":4,"15":4,"16":3,"17":1,"18":1,"19":3,"20":3,"21":3,"22":3,"23":2,"24":1,"25":1,"26":1,"27":2,"28":2,"29":1,"30":1,"31":1,"32":1,"33":1,"34":1,"35":1,"36":0},"f":{"0":4,"1":1},"b":{"0":[1,0],"1":[1,0],"2":[1,0],"3":[1,0]}}
,"/tmp/ashe_share/2026-02-15_SOLFACIL_VPP_Demo/backend/src/iot-hub/handlers/ingest-telemetry.ts": {"path":"/tmp/ashe_share/2026-02-15_SOLFACIL_VPP_Demo/backend/src/iot-hub/handlers/ingest-telemetry.ts","statementMap":{"0":{"start":{"line":7,"column":0},"end":{"line":7,"column":7}},"1":{"start":{"line":8,"column":2},"end":{"line":8,"column":67}}},"fnMap":{"0":{"name":"handler","decl":{"start":{"line":7,"column":22},"end":{"line":7,"column":29}},"loc":{"start":{"line":7,"column":44},"end":{"line":10,"column":1}}}},"branchMap":{},"s":{"0":1,"1":5},"f":{"0":5},"b":{}}
,"/tmp/ashe_share/2026-02-15_SOLFACIL_VPP_Demo/backend/src/shared/types/api.ts": {"path":"/tmp/ashe_share/2026-02-15_SOLFACIL_VPP_Demo/backend/src/shared/types/api.ts","statementMap":{"0":{"start":{"line":13,"column":0},"end":{"line":13,"column":16}},"1":{"start":{"line":23,"column":0},"end":{"line":23,"column":16}},"2":{"start":{"line":14,"column":2},"end":{"line":19,"column":4}},"3":{"start":{"line":24,"column":2},"end":{"line":29,"column":4}}},"fnMap":{"0":{"name":"ok","decl":{"start":{"line":13,"column":16},"end":{"line":13,"column":18}},"loc":{"start":{"line":13,"column":29},"end":{"line":20,"column":1}}},"1":{"name":"fail","decl":{"start":{"line":23,"column":16},"end":{"line":23,"column":20}},"loc":{"start":{"line":23,"column":36},"end":{"line":30,"column":1}}}},"branchMap":{},"s":{"0":2,"1":2,"2":3,"3":2},"f":{"0":3,"1":2},"b":{}}
,"/tmp/ashe_share/2026-02-15_SOLFACIL_VPP_Demo/backend/src/shared/types/auth.ts": {"path":"/tmp/ashe_share/2026-02-15_SOLFACIL_VPP_Demo/backend/src/shared/types/auth.ts","statementMap":{"0":{"start":{"line":1,"column":0},"end":{"line":1,"column":null}},"1":{"start":{"line":2,"column":2},"end":{"line":2,"column":null}},"2":{"start":{"line":3,"column":2},"end":{"line":3,"column":null}},"3":{"start":{"line":4,"column":2},"end":{"line":4,"column":null}},"4":{"start":{"line":5,"column":2},"end":{"line":5,"column":null}}},"fnMap":{"0":{"name":"(anonymous_0)","decl":{"start":{"line":1,"column":0},"end":{"line":1,"column":12}},"loc":{"start":{"line":1,"column":16},"end":{"line":6,"column":1}}}},"branchMap":{"0":{"loc":{"start":{"line":1,"column":12},"end":{"line":1,"column":null}},"type":"binary-expr","locations":[{"start":{"line":1,"column":12},"end":{"line":1,"column":16}},{"start":{"line":1,"column":16},"end":{"line":1,"column":null}}]}},"s":{"0":2,"1":2,"2":2,"3":2,"4":2},"f":{"0":2},"b":{"0":[2,2]}}
}
