TN:
SF:lib/bff-stack.ts
FN:27,(anonymous_9)
FN:88,(anonymous_10)
FN:113,(anonymous_11)
FNF:3
FNH:3
FNDA:1,(anonymous_9)
FNDA:4,(anonymous_10)
FNDA:4,(anonymous_11)
DA:1,1
DA:2,1
DA:3,1
DA:4,1
DA:5,1
DA:8,1
DA:9,1
DA:23,1
DA:28,1
DA:30,1
DA:33,1
DA:47,1
DA:49,1
DA:55,1
DA:61,1
DA:67,1
DA:75,1
DA:76,1
DA:77,1
DA:78,1
DA:81,1
DA:94,4
DA:95,4
DA:120,4
DA:124,4
LF:25
LH:25
BRDA:120,0,0,0
BRDA:120,0,1,4
BRF:2
BRH:1
end_of_record
TN:
SF:lib/market-billing-stack.ts
FN:24,(anonymous_9)
FN:56,(anonymous_10)
FNF:2
FNH:2
FNDA:1,(anonymous_9)
FNDA:2,(anonymous_10)
DA:1,1
DA:2,1
DA:3,1
DA:6,1
DA:23,1
DA:25,1
DA:27,1
DA:28,1
DA:37,1
DA:43,1
DA:62,2
DA:63,2
LF:12
LH:12
BRF:0
BRH:0
end_of_record
TN:
SF:lib/shared/constants.ts
FN:20,resourceName
FNF:1
FNH:1
FNDA:5,resourceName
DA:6,1
DA:8,1
DA:17,1
DA:20,1
DA:21,5
LF:5
LH:5
BRF:0
BRH:0
end_of_record
TN:
SF:lib/shared/event-bus.ts
FN:13,(anonymous_9)
FNF:1
FNH:1
FNDA:2,(anonymous_9)
DA:1,1
DA:2,1
DA:3,1
DA:4,1
DA:10,1
DA:14,2
DA:16,2
DA:21,2
LF:8
LH:8
BRF:0
BRH:0
end_of_record
TN:
SF:src/bff/handlers/get-assets.ts
FN:11,handler
FN:101,(anonymous_1)
FNF:2
FNH:2
FNDA:5,handler
FNDA:8,(anonymous_1)
DA:2,1
DA:3,1
DA:4,1
DA:11,1
DA:15,5
DA:16,5
DA:17,3
DA:19,2
DA:20,2
DA:23,3
DA:99,3
DA:101,8
DA:103,3
DA:105,3
LF:14
LH:14
BRDA:20,0,0,2
BRDA:20,0,1,0
BRDA:20,1,0,2
BRDA:20,1,1,0
BRDA:99,2,0,1
BRDA:99,2,1,2
BRF:6
BRH:4
end_of_record
TN:
SF:src/bff/middleware/tenant-context.ts
FN:17,extractTenantContext
FN:57,requireRole
FN:65,apiError
FNF:3
FNH:3
FNDA:13,extractTenantContext
FNDA:6,requireRole
FNDA:2,apiError
DA:2,2
DA:3,2
DA:5,2
DA:17,2
DA:18,13
DA:20,13
DA:21,4
DA:26,9
DA:27,9
DA:29,7
DA:32,2
DA:33,2
DA:34,0
DA:36,2
DA:37,2
DA:40,1
DA:43,8
DA:45,8
DA:46,2
DA:49,6
DA:57,2
DA:58,6
DA:59,4
DA:60,1
DA:65,2
DA:66,2
LF:26
LH:25
BRDA:18,0,0,13
BRDA:18,0,1,2
BRDA:18,0,2,2
BRDA:20,1,0,4
BRDA:27,2,0,7
BRDA:27,2,1,2
BRDA:33,3,0,0
BRDA:45,4,0,2
BRDA:45,5,0,8
BRDA:45,5,1,8
BRDA:45,5,2,7
BRDA:45,5,3,7
BRDA:58,6,0,2
BRDA:59,7,0,1
BRF:14
BRH:13
end_of_record
TN:
SF:src/dr-dispatcher/handlers/collect-response.ts
FN:50,handler
FNF:1
FNH:1
FNDA:5,handler
DA:11,1
DA:12,1
DA:13,1
DA:36,1
DA:37,1
DA:43,1
DA:44,1
DA:50,1
DA:51,5
DA:52,5
DA:54,5
DA:63,5
DA:64,5
DA:78,3
DA:85,2
DA:86,2
DA:87,1
DA:91,1
DA:93,1
DA:97,1
DA:101,3
DA:102,3
DA:119,2
DA:124,1
DA:128,1
DA:131,2
LF:26
LH:26
BRDA:36,0,0,1
BRDA:36,0,1,0
BRDA:37,1,0,1
BRDA:37,1,1,0
BRDA:59,2,0,1
BRDA:59,2,1,4
BRDA:86,3,0,1
BRF:7
BRH:5
end_of_record
TN:
SF:src/dr-dispatcher/handlers/dispatch-command.ts
FN:55,handler
FN:142,markFailed
FNF:2
FNH:2
FNDA:4,handler
FNDA:1,markFailed
DA:10,1
DA:11,1
DA:12,1
DA:13,1
DA:35,1
DA:36,1
DA:37,1
DA:43,1
DA:45,1
DA:49,1
DA:55,1
DA:56,4
DA:57,4
DA:59,4
DA:67,4
DA:68,4
DA:82,3
DA:84,1
DA:88,1
DA:92,3
DA:93,3
DA:94,3
DA:96,3
DA:103,2
DA:108,1
DA:114,1
DA:115,1
DA:119,2
DA:120,2
DA:126,1
DA:128,1
DA:132,1
DA:135,1
DA:143,1
DA:144,1
DA:156,1
DA:158,0
LF:37
LH:36
BRDA:35,0,0,1
BRDA:35,0,1,0
BRDA:36,1,0,1
BRDA:36,1,1,0
BRDA:37,2,0,1
BRDA:37,2,1,0
BRDA:46,3,0,1
BRDA:46,3,1,0
BRF:8
BRH:4
end_of_record
TN:
SF:src/iot-hub/handlers/ingest-telemetry.ts
FN:7,handler
FNF:1
FNH:1
FNDA:5,handler
DA:7,1
DA:8,5
LF:2
LH:2
BRF:0
BRH:0
end_of_record
TN:
SF:src/shared/types/api.ts
FN:13,ok
FN:23,fail
FNF:2
FNH:2
FNDA:3,ok
FNDA:2,fail
DA:13,2
DA:14,3
DA:23,2
DA:24,2
LF:4
LH:4
BRF:0
BRH:0
end_of_record
TN:
SF:src/shared/types/auth.ts
FN:1,(anonymous_0)
FNF:1
FNH:1
FNDA:2,(anonymous_0)
DA:1,2
DA:2,2
DA:3,2
DA:4,2
DA:5,2
LF:5
LH:5
BRDA:1,0,0,2
BRDA:1,0,1,2
BRF:2
BRH:2
end_of_record
